<?xml version="1.0" encoding="UTF-8"?>
<testsuite name="CinemaTests" tests="1" skipped="0" failures="0" errors="0" timestamp="2023-03-31T16:09:41" hostname="STEVEPHAN" time="2.768">
  <properties/>
  <testcase name="start" classname="CinemaTests" time="2.768"/>
  <system-out><![CDATA[?[1;31m
Start test 1?[0m
?[0;34m
?[0m?[0;34m  .   ____          _            __ _ _
?[0m?[0;34m /\\ / ___'_ __ _ _(_)_ __  __ _ \ \ \ \
?[0m?[0;34m( ( )\___ | '_ | '_| | '_ \/ _` | \ \ \ \
?[0m?[0;34m \\/  ___)| |_)| | | | | || (_| |  ) ) ) )
?[0m?[0;34m  '  |____| .__|_| |_|_| |_\__, | / / / /
?[0m?[0;34m =========|_|==============|___/=/_/_/_/
?[0m?[0;34m :: Spring Boot ::                (v2.5.6)
?[0m?[0;34m
?[0m?[0;34m2023-03-31 18:09:41.612  INFO 17636 --- [    Test worker] cinema.Main                              : Starting Main using Java 17.0.6 on StevePhan with PID 17636 (started by khanh in C:\Users\khanh\Desktop\Dev\Java\Cinema Room REST Service (Java)\Cinema Room REST Service (Java)\task)
?[0m?[0;34m2023-03-31 18:09:41.617  INFO 17636 --- [    Test worker] cinema.Main                              : No active profile set, falling back to default profiles: default
?[0m?[0;34m2023-03-31 18:09:42.593  INFO 17636 --- [    Test worker] o.s.b.w.embedded.tomcat.TomcatWebServer  : Tomcat initialized with port(s): 28852 (http)
?[0m?[0;34m2023-03-31 18:09:42.603  INFO 17636 --- [    Test worker] o.apache.catalina.core.StandardService   : Starting service [Tomcat]
?[0m?[0;34m2023-03-31 18:09:42.603  INFO 17636 --- [    Test worker] org.apache.catalina.core.StandardEngine  : Starting Servlet engine: [Apache Tomcat/9.0.54]
?[0m?[0;34m2023-03-31 18:09:42.687  INFO 17636 --- [    Test worker] o.a.c.c.C.[Tomcat].[localhost].[/]       : Initializing Spring embedded WebApplicationContext
?[0m?[0;34m2023-03-31 18:09:42.687  INFO 17636 --- [    Test worker] w.s.c.ServletWebServerApplicationContext : Root WebApplicationContext: initialization completed in 1034 ms
?[0m?[0;34m2023-03-31 18:09:43.227  INFO 17636 --- [    Test worker] o.s.b.a.e.web.EndpointLinksResolver      : Exposing 14 endpoint(s) beneath base path '/actuator'
?[0m?[0;34m2023-03-31 18:09:43.275  INFO 17636 --- [    Test worker] o.s.b.w.embedded.tomcat.TomcatWebServer  : Tomcat started on port(s): 28852 (http) with context path ''
?[0m?[0;34m2023-03-31 18:09:43.286  INFO 17636 --- [    Test worker] cinema.Main                              : Started Main in 2.011 seconds (JVM running for 2.73)
?[0;34m2023-03-31 18:09:43.551  INFO 17636 --- [io-28852-exec-1] o.a.c.c.C.[Tomcat].[localhost].[/]       : Initializing Spring DispatcherServlet 'dispatcherServlet'
?[0m?[0;34m2023-03-31 18:09:43.551  INFO 17636 --- [io-28852-exec-1] o.s.web.servlet.DispatcherServlet        : Initializing Servlet 'dispatcherServlet'
?[0m?[0;34m2023-03-31 18:09:43.552  INFO 17636 --- [io-28852-exec-1] o.s.web.servlet.DispatcherServlet        : Completed initialization in 1 ms
?[0m?[1;31m
Start test 2?[0m
?[1;31m
Start test 3?[0m
?[1;31m
Start test 4?[0m
?[1;31m
Start test 5?[0m
?[1;31m
Start test 6?[0m
?[0;34m74a6a283-94e8-426e-9f88-5689515cae5f
?[0m?[0;34medaf3c0b-d6d7-4bb4-b999-5e6c50a62421
?[0;34m74a6a283-94e8-426e-9f88-5689515cae5f
?[0m?[0;34medaf3c0b-d6d7-4bb4-b999-5e6c50a62421
?[1;31m
Start test 7?[0m
?[1;31m
Start test 8?[0m
?[0;34m74a6a283-94e8-426e-9f88-5689515cae5f
?[0m?[0;34m74a6a283-94e8-426e-9f88-5689515cae5f
?[1;31m
Start test 9?[0m
?[1;31m
Start test 10?[0m
?[0;34m74a6a283-94e8-426e-9f88-5689515cae5f
?[0m?[0;34m5fd9411c-96ae-41fe-a349-d32e785f2400
?[0m?[0;34m74a6a283-94e8-426e-9f88-5689515cae5f
?[0m?[0;34m5fd9411c-96ae-41fe-a349-d32e785f2400
?[1;31m
Start test 11?[0m
?[0;34m74a6a283-94e8-426e-9f88-5689515cae5f
?[0m?[0;34m5fd9411c-96ae-41fe-a349-d32e785f2400
?[1;31m
Start test 12?[0m
?[0;34m74a6a283-94e8-426e-9f88-5689515cae5f
?[0m?[0;34m74a6a283-94e8-426e-9f88-5689515cae5f
]]></system-out>
  <system-err><![CDATA[]]></system-err>
</testsuite>
